<?xml version="1.0" encoding="UTF-8" standalone="yes"?>
<ns2:test-suite start="1549542564898" stop="1549542579639" version="1.4.23" xmlns:ns2="urn:model.allure.qatools.yandex.ru">
    <name>DemoTestSuite : Chrome 70 1280[persona=, platformVersion=10, browserVersion=70.0.3538.110, browserName=chrome, location=US East, platformName=Windows, screenResolution=1280x1024, deviceName=]</name>
    <title>DemoTestSuite : Chrome 70 1280[persona=, platformVersion=10, browserVersion=70.0.3538.110, browserName=chrome, location=US East, platformName=Windows, screenResolution=1280x1024, deviceName=]</title>
    <test-cases>
        <test-case start="1549542564914" stop="1549542564916" status="pending">
            <name>LocalWebDemo_3</name>
            <failure>
                <message>Test not implemented yet</message>
                <stack-trace>There are no stack trace</stack-trace>
            </failure>
            <steps/>
            <attachments/>
            <labels>
                <label name="host" value="Christophers-Applitools-MacBook-Pro.local"/>
                <label name="thread" value="28623@Christophers-Applitools-MacBook-Pro.local.TestNG(14)"/>
            </labels>
        </test-case>
        <test-case start="1549542564917" stop="1549542564917" status="pending">
            <name>LocalWebDemo_1</name>
            <failure>
                <message>Test not implemented yet</message>
                <stack-trace>There are no stack trace</stack-trace>
            </failure>
            <steps/>
            <attachments/>
            <labels>
                <label name="host" value="Christophers-Applitools-MacBook-Pro.local"/>
                <label name="thread" value="28623@Christophers-Applitools-MacBook-Pro.local.TestNG(14)"/>
            </labels>
        </test-case>
        <test-case start="1549542564917" stop="1549542564917" status="pending">
            <name>LocalWebDemo_2</name>
            <failure>
                <message>Test not implemented yet</message>
                <stack-trace>There are no stack trace</stack-trace>
            </failure>
            <steps/>
            <attachments/>
            <labels>
                <label name="host" value="Christophers-Applitools-MacBook-Pro.local"/>
                <label name="thread" value="28623@Christophers-Applitools-MacBook-Pro.local.TestNG(14)"/>
            </labels>
        </test-case>
        <test-case start="1549542564898" stop="1549542579638" status="broken">
            <name>DemoTestSuite : Chrome 70 1280[persona=, platformVersion=10, browserVersion=70.0.3538.110, browserName=chrome, location=US East, platformName=Windows, screenResolution=1280x1024, deviceName=]</name>
            <title>DemoTestSuite : Chrome 70 1280[persona=, platformVersion=10, browserVersion=70.0.3538.110, browserName=chrome, location=US East, platformName=Windows, screenResolution=1280x1024, deviceName=]</title>
            <failure>
                <message>Test suite was interrupted, some test cases may be lost</message>
            </failure>
        </test-case>
    </test-cases>
    <labels>
        <label name="framework" value="TestNG"/>
        <label name="language" value="JAVA"/>
    </labels>
</ns2:test-suite>
