<?xml version="1.0" encoding="UTF-8" standalone="yes"?>
<ns2:test-suite start="1543183229231" stop="1543183922435" version="1.4.23" xmlns:ns2="urn:model.allure.qatools.yandex.ru">
    <name>DemoTestSuite : Chrome 70 1280[persona=, platformVersion=10, browserVersion=70.0.3538.110, browserName=chrome, location=US East, platformName=Windows, screenResolution=1280x1024, deviceName=]</name>
    <title>DemoTestSuite : Chrome 70 1280[persona=, platformVersion=10, browserVersion=70.0.3538.110, browserName=chrome, location=US East, platformName=Windows, screenResolution=1280x1024, deviceName=]</title>
    <test-cases>
        <test-case start="1543183229255" stop="1543183229257" status="pending">
            <name>SinglePageDemo</name>
            <failure>
                <message>Test not implemented yet</message>
                <stack-trace>There are no stack trace</stack-trace>
            </failure>
            <steps/>
            <attachments/>
            <labels>
                <label name="host" value="Christophers-Applitools-MacBook-Pro.local"/>
                <label name="thread" value="96831@Christophers-Applitools-MacBook-Pro.local.TestNG(14)"/>
            </labels>
        </test-case>
        <test-case start="1543183229257" stop="1543183229259" status="pending">
            <name>WikipediaDemo</name>
            <failure>
                <message>Test not implemented yet</message>
                <stack-trace>There are no stack trace</stack-trace>
            </failure>
            <steps/>
            <attachments/>
            <labels>
                <label name="host" value="Christophers-Applitools-MacBook-Pro.local"/>
                <label name="thread" value="96831@Christophers-Applitools-MacBook-Pro.local.TestNG(14)"/>
            </labels>
        </test-case>
        <test-case start="1543183231513" stop="1543183276763" status="failed">
            <name>LocalWebDemo_1[Windows,10,chrome,70.0.3538.110,1280x1024,US East,,]</name>
            <failure>
                <message>DiffsFoundException: Test 'Check Links - Demo' of 'Local Library' detected differences! See details at: https://eyes.applitools.com/app/batches/00000251859117566665/00000251859117566477?accountId=2WhnilIEL06AzP6xU4Dzyg~~</message>
                <stack-trace>com.applitools.eyes.exceptions.DiffsFoundException: Test 'Check Links - Demo' of 'Local Library' detected differences! See details at: https://eyes.applitools.com/app/batches/00000251859117566665/00000251859117566477?accountId=2WhnilIEL06AzP6xU4Dzyg~~
	at com.applitools.eyes.EyesBase.close(EyesBase.java:791)
	at com.applitools.eyes.EyesBase.close(EyesBase.java:733)
	at com.testing.Web.LocalWebDemo_1(Web.java:73)
	at sun.reflect.NativeMethodAccessorImpl.invoke0(Native Method)
	at sun.reflect.NativeMethodAccessorImpl.invoke(NativeMethodAccessorImpl.java:62)
	at sun.reflect.DelegatingMethodAccessorImpl.invoke(DelegatingMethodAccessorImpl.java:43)
	at java.lang.reflect.Method.invoke(Method.java:498)
	at org.testng.internal.MethodInvocationHelper.invokeMethod(MethodInvocationHelper.java:85)
	at org.testng.internal.Invoker.invokeMethod(Invoker.java:639)
	at org.testng.internal.Invoker.invokeTestMethod(Invoker.java:816)
	at org.testng.internal.Invoker.invokeTestMethods(Invoker.java:1124)
	at org.testng.internal.TestMethodWorker.invokeTestMethods(TestMethodWorker.java:125)
	at org.testng.internal.TestMethodWorker.run(TestMethodWorker.java:108)
	at org.testng.TestRunner.privateRun(TestRunner.java:774)
	at org.testng.TestRunner.run(TestRunner.java:624)
	at org.testng.SuiteRunner.runTest(SuiteRunner.java:359)
	at org.testng.SuiteRunner.access$000(SuiteRunner.java:39)
	at org.testng.SuiteRunner$SuiteWorker.run(SuiteRunner.java:393)
	at org.testng.internal.thread.ThreadUtil$2.call(ThreadUtil.java:64)
	at java.util.concurrent.FutureTask.run$$$capture(FutureTask.java:266)
	at java.util.concurrent.FutureTask.run(FutureTask.java)
	at java.util.concurrent.ThreadPoolExecutor.runWorker(ThreadPoolExecutor.java:1149)
	at java.util.concurrent.ThreadPoolExecutor$Worker.run(ThreadPoolExecutor.java:624)
	at java.lang.Thread.run(Thread.java:748)
</stack-trace>
            </failure>
            <steps/>
            <attachments/>
            <labels>
                <label name="host" value="Christophers-Applitools-MacBook-Pro.local"/>
                <label name="thread" value="96831@Christophers-Applitools-MacBook-Pro.local.TestNG(14)"/>
            </labels>
        </test-case>
        <test-case start="1543183276764" stop="1543183341026" status="failed">
            <name>LocalWebDemo_2[Windows,10,chrome,70.0.3538.110,1280x1024,US East,,]</name>
            <failure>
                <message>DiffsFoundException: Test 'Check Books - Demo' of 'Local Library' detected differences! See details at: https://eyes.applitools.com/app/batches/00000251859117566665/00000251859117522997?accountId=2WhnilIEL06AzP6xU4Dzyg~~</message>
                <stack-trace>com.applitools.eyes.exceptions.DiffsFoundException: Test 'Check Books - Demo' of 'Local Library' detected differences! See details at: https://eyes.applitools.com/app/batches/00000251859117566665/00000251859117522997?accountId=2WhnilIEL06AzP6xU4Dzyg~~
	at com.applitools.eyes.EyesBase.close(EyesBase.java:791)
	at com.applitools.eyes.EyesBase.close(EyesBase.java:733)
	at com.testing.Web.LocalWebDemo_2(Web.java:128)
	at sun.reflect.NativeMethodAccessorImpl.invoke0(Native Method)
	at sun.reflect.NativeMethodAccessorImpl.invoke(NativeMethodAccessorImpl.java:62)
	at sun.reflect.DelegatingMethodAccessorImpl.invoke(DelegatingMethodAccessorImpl.java:43)
	at java.lang.reflect.Method.invoke(Method.java:498)
	at org.testng.internal.MethodInvocationHelper.invokeMethod(MethodInvocationHelper.java:85)
	at org.testng.internal.Invoker.invokeMethod(Invoker.java:639)
	at org.testng.internal.Invoker.invokeTestMethod(Invoker.java:816)
	at org.testng.internal.Invoker.invokeTestMethods(Invoker.java:1124)
	at org.testng.internal.TestMethodWorker.invokeTestMethods(TestMethodWorker.java:125)
	at org.testng.internal.TestMethodWorker.run(TestMethodWorker.java:108)
	at org.testng.TestRunner.privateRun(TestRunner.java:774)
	at org.testng.TestRunner.run(TestRunner.java:624)
	at org.testng.SuiteRunner.runTest(SuiteRunner.java:359)
	at org.testng.SuiteRunner.access$000(SuiteRunner.java:39)
	at org.testng.SuiteRunner$SuiteWorker.run(SuiteRunner.java:393)
	at org.testng.internal.thread.ThreadUtil$2.call(ThreadUtil.java:64)
	at java.util.concurrent.FutureTask.run$$$capture(FutureTask.java:266)
	at java.util.concurrent.FutureTask.run(FutureTask.java)
	at java.util.concurrent.ThreadPoolExecutor.runWorker(ThreadPoolExecutor.java:1149)
	at java.util.concurrent.ThreadPoolExecutor$Worker.run(ThreadPoolExecutor.java:624)
	at java.lang.Thread.run(Thread.java:748)
</stack-trace>
            </failure>
            <steps/>
            <attachments/>
            <labels>
                <label name="host" value="Christophers-Applitools-MacBook-Pro.local"/>
                <label name="thread" value="96831@Christophers-Applitools-MacBook-Pro.local.TestNG(14)"/>
            </labels>
        </test-case>
        <test-case start="1543183341027" stop="1543183381186" status="failed">
            <name>LocalWebDemo_3[Windows,10,chrome,70.0.3538.110,1280x1024,US East,,]</name>
            <failure>
                <message>DiffsFoundException: Test 'Check Genres - Demo' of 'Local Library' detected differences! See details at: https://eyes.applitools.com/app/batches/00000251859117566665/00000251859117458718?accountId=2WhnilIEL06AzP6xU4Dzyg~~</message>
                <stack-trace>com.applitools.eyes.exceptions.DiffsFoundException: Test 'Check Genres - Demo' of 'Local Library' detected differences! See details at: https://eyes.applitools.com/app/batches/00000251859117566665/00000251859117458718?accountId=2WhnilIEL06AzP6xU4Dzyg~~
	at com.applitools.eyes.EyesBase.close(EyesBase.java:791)
	at com.applitools.eyes.EyesBase.close(EyesBase.java:733)
	at com.testing.Web.LocalWebDemo_3(Web.java:170)
	at sun.reflect.NativeMethodAccessorImpl.invoke0(Native Method)
	at sun.reflect.NativeMethodAccessorImpl.invoke(NativeMethodAccessorImpl.java:62)
	at sun.reflect.DelegatingMethodAccessorImpl.invoke(DelegatingMethodAccessorImpl.java:43)
	at java.lang.reflect.Method.invoke(Method.java:498)
	at org.testng.internal.MethodInvocationHelper.invokeMethod(MethodInvocationHelper.java:85)
	at org.testng.internal.Invoker.invokeMethod(Invoker.java:639)
	at org.testng.internal.Invoker.invokeTestMethod(Invoker.java:816)
	at org.testng.internal.Invoker.invokeTestMethods(Invoker.java:1124)
	at org.testng.internal.TestMethodWorker.invokeTestMethods(TestMethodWorker.java:125)
	at org.testng.internal.TestMethodWorker.run(TestMethodWorker.java:108)
	at org.testng.TestRunner.privateRun(TestRunner.java:774)
	at org.testng.TestRunner.run(TestRunner.java:624)
	at org.testng.SuiteRunner.runTest(SuiteRunner.java:359)
	at org.testng.SuiteRunner.access$000(SuiteRunner.java:39)
	at org.testng.SuiteRunner$SuiteWorker.run(SuiteRunner.java:393)
	at org.testng.internal.thread.ThreadUtil$2.call(ThreadUtil.java:64)
	at java.util.concurrent.FutureTask.run$$$capture(FutureTask.java:266)
	at java.util.concurrent.FutureTask.run(FutureTask.java)
	at java.util.concurrent.ThreadPoolExecutor.runWorker(ThreadPoolExecutor.java:1149)
	at java.util.concurrent.ThreadPoolExecutor$Worker.run(ThreadPoolExecutor.java:624)
	at java.lang.Thread.run(Thread.java:748)
</stack-trace>
            </failure>
            <steps/>
            <attachments/>
            <labels>
                <label name="host" value="Christophers-Applitools-MacBook-Pro.local"/>
                <label name="thread" value="96831@Christophers-Applitools-MacBook-Pro.local.TestNG(14)"/>
            </labels>
        </test-case>
    </test-cases>
    <labels>
        <label name="framework" value="TestNG"/>
        <label name="language" value="JAVA"/>
    </labels>
</ns2:test-suite>
