<?xml version="1.0" encoding="UTF-8" standalone="yes"?>
<ns2:test-suite start="1543114180863" stop="1543114309936" version="1.4.23" xmlns:ns2="urn:model.allure.qatools.yandex.ru">
    <name>DemoTestSuite : Win 10 Chrome 70 1280[persona=, platformVersion=10, browserVersion=70, browserName=Chrome, location=US East, platformName=Windows, screenResolution=1280x1024, deviceName=]</name>
    <title>DemoTestSuite : Win 10 Chrome 70 1280[persona=, platformVersion=10, browserVersion=70, browserName=Chrome, location=US East, platformName=Windows, screenResolution=1280x1024, deviceName=]</title>
    <test-cases>
        <test-case start="1543114181049" stop="1543114181050" status="pending">
            <name>SinglePageDemo</name>
            <failure>
                <message>Test not implemented yet</message>
                <stack-trace>There are no stack trace</stack-trace>
            </failure>
            <steps/>
            <attachments/>
            <labels>
                <label name="host" value="Christophers-Applitools-MacBook-Pro.local"/>
                <label name="thread" value="58992@Christophers-Applitools-MacBook-Pro.local.TestNG(12)"/>
            </labels>
        </test-case>
        <test-case start="1543114181051" stop="1543114181051" status="pending">
            <name>WikipediaDemo</name>
            <failure>
                <message>Test not implemented yet</message>
                <stack-trace>There are no stack trace</stack-trace>
            </failure>
            <steps/>
            <attachments/>
            <labels>
                <label name="host" value="Christophers-Applitools-MacBook-Pro.local"/>
                <label name="thread" value="58992@Christophers-Applitools-MacBook-Pro.local.TestNG(12)"/>
            </labels>
        </test-case>
        <test-case start="1543114183160" stop="1543114228776" status="passed">
            <name>LocalWebDemo_1[Windows,10,Chrome,70,1280x1024,US East,,]</name>
            <steps/>
            <attachments/>
            <labels>
                <label name="host" value="Christophers-Applitools-MacBook-Pro.local"/>
                <label name="thread" value="58992@Christophers-Applitools-MacBook-Pro.local.TestNG(12)"/>
            </labels>
        </test-case>
        <test-case start="1543114228822" stop="1543114309715" status="failed">
            <name>LocalWebDemo_2[Windows,10,Chrome,70,1280x1024,US East,,]</name>
            <failure>
                <message>DiffsFoundException: Test 'Check Books - Demo' of 'Local Library' detected differences! See details at: https://eyes.applitools.com/app/batches/00000251859186571077/00000251859186570952?accountId=2WhnilIEL06AzP6xU4Dzyg~~</message>
                <stack-trace>com.applitools.eyes.exceptions.DiffsFoundException: Test 'Check Books - Demo' of 'Local Library' detected differences! See details at: https://eyes.applitools.com/app/batches/00000251859186571077/00000251859186570952?accountId=2WhnilIEL06AzP6xU4Dzyg~~
	at com.applitools.eyes.EyesBase.close(EyesBase.java:791)
	at com.applitools.eyes.EyesBase.close(EyesBase.java:733)
	at com.testing.Web.LocalWebDemo_2(Web.java:140)
	at sun.reflect.NativeMethodAccessorImpl.invoke0(Native Method)
	at sun.reflect.NativeMethodAccessorImpl.invoke(NativeMethodAccessorImpl.java:62)
	at sun.reflect.DelegatingMethodAccessorImpl.invoke(DelegatingMethodAccessorImpl.java:43)
	at java.lang.reflect.Method.invoke(Method.java:498)
	at org.testng.internal.MethodInvocationHelper.invokeMethod(MethodInvocationHelper.java:85)
	at org.testng.internal.Invoker.invokeMethod(Invoker.java:639)
	at org.testng.internal.Invoker.invokeTestMethod(Invoker.java:816)
	at org.testng.internal.Invoker.invokeTestMethods(Invoker.java:1124)
	at org.testng.internal.TestMethodWorker.invokeTestMethods(TestMethodWorker.java:125)
	at org.testng.internal.TestMethodWorker.run(TestMethodWorker.java:108)
	at org.testng.TestRunner.privateRun(TestRunner.java:774)
	at org.testng.TestRunner.run(TestRunner.java:624)
	at org.testng.SuiteRunner.runTest(SuiteRunner.java:359)
	at org.testng.SuiteRunner.access$000(SuiteRunner.java:39)
	at org.testng.SuiteRunner$SuiteWorker.run(SuiteRunner.java:393)
	at org.testng.internal.thread.ThreadUtil$2.call(ThreadUtil.java:64)
	at java.util.concurrent.FutureTask.run(FutureTask.java:266)
	at java.util.concurrent.ThreadPoolExecutor.runWorker(ThreadPoolExecutor.java:1149)
	at java.util.concurrent.ThreadPoolExecutor$Worker.run(ThreadPoolExecutor.java:624)
	at java.lang.Thread.run(Thread.java:748)
</stack-trace>
            </failure>
            <steps/>
            <attachments/>
            <labels>
                <label name="host" value="Christophers-Applitools-MacBook-Pro.local"/>
                <label name="thread" value="58992@Christophers-Applitools-MacBook-Pro.local.TestNG(12)"/>
            </labels>
        </test-case>
    </test-cases>
    <labels>
        <label name="framework" value="TestNG"/>
        <label name="language" value="JAVA"/>
    </labels>
</ns2:test-suite>
