<?xml version="1.0" encoding="UTF-8" standalone="yes"?>
<ns2:test-suite start="1543153487361" stop="1543153509813" version="1.4.23" xmlns:ns2="urn:model.allure.qatools.yandex.ru">
    <name>DemoTestSuite : Win 10 Chrome 70 1280[persona=, platformVersion=10, browserVersion=70, browserName=Chrome, location=US East, platformName=Windows, screenResolution=1280x1024, deviceName=]</name>
    <title>DemoTestSuite : Win 10 Chrome 70 1280[persona=, platformVersion=10, browserVersion=70, browserName=Chrome, location=US East, platformName=Windows, screenResolution=1280x1024, deviceName=]</title>
    <test-cases>
        <test-case start="1543153487379" stop="1543153487381" status="pending">
            <name>SinglePageDemo</name>
            <failure>
                <message>Test not implemented yet</message>
                <stack-trace>There are no stack trace</stack-trace>
            </failure>
            <steps/>
            <attachments/>
            <labels>
                <label name="host" value="Christophers-Applitools-MacBook-Pro.local"/>
                <label name="thread" value="68521@Christophers-Applitools-MacBook-Pro.local.TestNG(12)"/>
            </labels>
        </test-case>
        <test-case start="1543153487381" stop="1543153487382" status="pending">
            <name>WikipediaDemo</name>
            <failure>
                <message>Test not implemented yet</message>
                <stack-trace>There are no stack trace</stack-trace>
            </failure>
            <steps/>
            <attachments/>
            <labels>
                <label name="host" value="Christophers-Applitools-MacBook-Pro.local"/>
                <label name="thread" value="68521@Christophers-Applitools-MacBook-Pro.local.TestNG(12)"/>
            </labels>
        </test-case>
        <test-case start="1543153490076" stop="1543153509812" status="broken">
            <name>LocalWebDemo_1[Windows,10,Chrome,70,1280x1024,US East,,]</name>
            <failure>
                <message>Test was interrupted</message>
            </failure>
            <labels>
                <label name="host" value="Christophers-Applitools-MacBook-Pro.local"/>
                <label name="thread" value="68521@Christophers-Applitools-MacBook-Pro.local.TestNG(12)"/>
            </labels>
        </test-case>
        <test-case start="1543153487361" stop="1543153509812" status="broken">
            <name>DemoTestSuite : Win 10 Chrome 70 1280[persona=, platformVersion=10, browserVersion=70, browserName=Chrome, location=US East, platformName=Windows, screenResolution=1280x1024, deviceName=]</name>
            <title>DemoTestSuite : Win 10 Chrome 70 1280[persona=, platformVersion=10, browserVersion=70, browserName=Chrome, location=US East, platformName=Windows, screenResolution=1280x1024, deviceName=]</title>
            <failure>
                <message>Test suite was interrupted, some test cases may be lost</message>
            </failure>
        </test-case>
    </test-cases>
    <labels>
        <label name="framework" value="TestNG"/>
        <label name="language" value="JAVA"/>
    </labels>
</ns2:test-suite>
