<?xml version="1.0" encoding="UTF-8" standalone="yes"?>
<ns2:test-suite start="1543965545521" stop="1543965667164" version="1.4.23" xmlns:ns2="urn:model.allure.qatools.yandex.ru">
    <name>DemoTestSuite : Firefox 63 1280[persona=, platformVersion=10, browserVersion=63.0.3, browserName=firefox, location=US East, platformName=Windows, screenResolution=1280x1024, deviceName=]</name>
    <title>DemoTestSuite : Firefox 63 1280[persona=, platformVersion=10, browserVersion=63.0.3, browserName=firefox, location=US East, platformName=Windows, screenResolution=1280x1024, deviceName=]</title>
    <test-cases>
        <test-case start="1543965552405" stop="1543965584469" status="failed">
            <name>LocalWebDemo_1[Windows,10,firefox,63.0.3,1280x1024,US East,,]</name>
            <failure>
                <message>DiffsFoundException: Test 'Check Links - Demo' of 'Local Library' detected differences! See details at: https://eyes.applitools.com/app/batches/00000251858335247040/00000251858335246578?accountId=2WhnilIEL06AzP6xU4Dzyg~~</message>
                <stack-trace>com.applitools.eyes.exceptions.DiffsFoundException: Test 'Check Links - Demo' of 'Local Library' detected differences! See details at: https://eyes.applitools.com/app/batches/00000251858335247040/00000251858335246578?accountId=2WhnilIEL06AzP6xU4Dzyg~~
	at com.applitools.eyes.EyesBase.close(EyesBase.java:791)
	at com.applitools.eyes.EyesBase.close(EyesBase.java:733)
	at com.testing.Web.LocalWebDemo_1(Web.java:105)
	at sun.reflect.NativeMethodAccessorImpl.invoke0(Native Method)
	at sun.reflect.NativeMethodAccessorImpl.invoke(NativeMethodAccessorImpl.java:62)
	at sun.reflect.DelegatingMethodAccessorImpl.invoke(DelegatingMethodAccessorImpl.java:43)
	at java.lang.reflect.Method.invoke(Method.java:498)
	at org.testng.internal.MethodInvocationHelper.invokeMethod(MethodInvocationHelper.java:85)
	at org.testng.internal.Invoker.invokeMethod(Invoker.java:639)
	at org.testng.internal.Invoker.invokeTestMethod(Invoker.java:816)
	at org.testng.internal.Invoker.invokeTestMethods(Invoker.java:1124)
	at org.testng.internal.TestMethodWorker.invokeTestMethods(TestMethodWorker.java:125)
	at org.testng.internal.TestMethodWorker.run(TestMethodWorker.java:108)
	at org.testng.TestRunner.privateRun(TestRunner.java:774)
	at org.testng.TestRunner.run(TestRunner.java:624)
	at org.testng.SuiteRunner.runTest(SuiteRunner.java:359)
	at org.testng.SuiteRunner.access$000(SuiteRunner.java:39)
	at org.testng.SuiteRunner$SuiteWorker.run(SuiteRunner.java:393)
	at org.testng.internal.thread.ThreadUtil$2.call(ThreadUtil.java:64)
	at java.util.concurrent.FutureTask.run(FutureTask.java:266)
	at java.util.concurrent.ThreadPoolExecutor.runWorker(ThreadPoolExecutor.java:1149)
	at java.util.concurrent.ThreadPoolExecutor$Worker.run(ThreadPoolExecutor.java:624)
	at java.lang.Thread.run(Thread.java:748)
</stack-trace>
            </failure>
            <steps/>
            <attachments/>
            <labels>
                <label name="host" value="Christophers-Applitools-MacBook-Pro.local"/>
                <label name="thread" value="28399@Christophers-Applitools-MacBook-Pro.local.TestNG(13)"/>
            </labels>
        </test-case>
        <test-case start="1543965584470" stop="1543965608435" status="passed">
            <name>LocalWebDemo_2[Windows,10,firefox,63.0.3,1280x1024,US East,,]</name>
            <steps/>
            <attachments/>
            <labels>
                <label name="host" value="Christophers-Applitools-MacBook-Pro.local"/>
                <label name="thread" value="28399@Christophers-Applitools-MacBook-Pro.local.TestNG(13)"/>
            </labels>
        </test-case>
        <test-case start="1543965608476" stop="1543965625024" status="passed">
            <name>LocalWebDemo_3[Windows,10,firefox,63.0.3,1280x1024,US East,,]</name>
            <steps/>
            <attachments/>
            <labels>
                <label name="host" value="Christophers-Applitools-MacBook-Pro.local"/>
                <label name="thread" value="28399@Christophers-Applitools-MacBook-Pro.local.TestNG(13)"/>
            </labels>
        </test-case>
        <test-case start="1543965625027" stop="1543965667105" status="passed">
            <name>TEMPDEMO[Windows,10,firefox,63.0.3,1280x1024,US East,,]</name>
            <steps/>
            <attachments/>
            <labels>
                <label name="host" value="Christophers-Applitools-MacBook-Pro.local"/>
                <label name="thread" value="28399@Christophers-Applitools-MacBook-Pro.local.TestNG(13)"/>
            </labels>
        </test-case>
        <test-case start="1543965667160" stop="1543965667161" status="broken">
            <name>baseAfterClass</name>
            <description>@AfterClass</description>
            <failure>
                <message>WebDriverException: Failed to decode response from marionette
Build info: version: '3.141.5', revision: 'd54ebd709a', time: '2018-11-06T11:42:16'
System info: host: 'Christophers-Applitools-MacBook-Pro.local', ip: 'fe80:0:0:0:1004:b9c6:943d:e667%en0', os.name: 'Mac OS X', os.arch: 'x86_64', os.version: '10.14.1', java.version: '1.8.0_191'
Driver info: org.openqa.selenium.remote.RemoteWebDriver
Capabilities {acceptInsecureCerts: false, browserName: firefox, browserVersion: 63.0.3, javascriptEnabled: true, moz:accessibilityChecks: false, moz:geckodriverVersion: 0.23.0, moz:headless: false, moz:processID: 89, moz:profile: /tmp/rust_mozprofile.SXAnMK..., moz:useNonSpecCompliantPointerOrigin: false, moz:webdriverClick: true, pageLoadStrategy: normal, platform: LINUX, platformName: LINUX, platformVersion: 4.9.125-linuxkit, rotatable: false, setWindowRect: true, timeouts: {implicit: 0, pageLoad: 300000, script: 30000}, unhandledPromptBehavior: dismiss and notify, webdriver.remote.sessionid: e17d1cb5-a87b-4c97-bba6-407...}
Session ID: e17d1cb5-a87b-4c97-bba6-4070fff912ea</message>
                <stack-trace>org.openqa.selenium.WebDriverException: Failed to decode response from marionette
Build info: version: '3.141.5', revision: 'd54ebd709a', time: '2018-11-06T11:42:16'
System info: host: 'Christophers-Applitools-MacBook-Pro.local', ip: 'fe80:0:0:0:1004:b9c6:943d:e667%en0', os.name: 'Mac OS X', os.arch: 'x86_64', os.version: '10.14.1', java.version: '1.8.0_191'
Driver info: org.openqa.selenium.remote.RemoteWebDriver
Capabilities {acceptInsecureCerts: false, browserName: firefox, browserVersion: 63.0.3, javascriptEnabled: true, moz:accessibilityChecks: false, moz:geckodriverVersion: 0.23.0, moz:headless: false, moz:processID: 89, moz:profile: /tmp/rust_mozprofile.SXAnMK..., moz:useNonSpecCompliantPointerOrigin: false, moz:webdriverClick: true, pageLoadStrategy: normal, platform: LINUX, platformName: LINUX, platformVersion: 4.9.125-linuxkit, rotatable: false, setWindowRect: true, timeouts: {implicit: 0, pageLoad: 300000, script: 30000}, unhandledPromptBehavior: dismiss and notify, webdriver.remote.sessionid: e17d1cb5-a87b-4c97-bba6-407...}
Session ID: e17d1cb5-a87b-4c97-bba6-4070fff912ea
	at sun.reflect.NativeConstructorAccessorImpl.newInstance0(Native Method)
	at sun.reflect.NativeConstructorAccessorImpl.newInstance(NativeConstructorAccessorImpl.java:62)
	at sun.reflect.DelegatingConstructorAccessorImpl.newInstance(DelegatingConstructorAccessorImpl.java:45)
	at java.lang.reflect.Constructor.newInstance(Constructor.java:423)
	at org.openqa.selenium.remote.http.W3CHttpResponseCodec.createException(W3CHttpResponseCodec.java:187)
	at org.openqa.selenium.remote.http.W3CHttpResponseCodec.decode(W3CHttpResponseCodec.java:122)
	at org.openqa.selenium.remote.http.W3CHttpResponseCodec.decode(W3CHttpResponseCodec.java:49)
	at org.openqa.selenium.remote.HttpCommandExecutor.execute(HttpCommandExecutor.java:158)
	at org.openqa.selenium.remote.RemoteWebDriver.execute(RemoteWebDriver.java:552)
	at org.openqa.selenium.remote.RemoteWebDriver.execute(RemoteWebDriver.java:609)
	at org.openqa.selenium.remote.RemoteWebDriver.quit(RemoteWebDriver.java:452)
	at com.testing.Web.baseAfterClass(Web.java:262)
	at sun.reflect.NativeMethodAccessorImpl.invoke0(Native Method)
	at sun.reflect.NativeMethodAccessorImpl.invoke(NativeMethodAccessorImpl.java:62)
	at sun.reflect.DelegatingMethodAccessorImpl.invoke(DelegatingMethodAccessorImpl.java:43)
	at java.lang.reflect.Method.invoke(Method.java:498)
	at org.testng.internal.MethodInvocationHelper.invokeMethod(MethodInvocationHelper.java:85)
	at org.testng.internal.Invoker.invokeConfigurationMethod(Invoker.java:510)
	at org.testng.internal.Invoker.invokeConfigurations(Invoker.java:211)
	at org.testng.internal.Invoker.invokeConfigurations(Invoker.java:138)
	at org.testng.internal.TestMethodWorker.invokeAfterClassMethods(TestMethodWorker.java:220)
	at org.testng.internal.TestMethodWorker.run(TestMethodWorker.java:111)
	at org.testng.TestRunner.privateRun(TestRunner.java:774)
	at org.testng.TestRunner.run(TestRunner.java:624)
	at org.testng.SuiteRunner.runTest(SuiteRunner.java:359)
	at org.testng.SuiteRunner.access$000(SuiteRunner.java:39)
	at org.testng.SuiteRunner$SuiteWorker.run(SuiteRunner.java:393)
	at org.testng.internal.thread.ThreadUtil$2.call(ThreadUtil.java:64)
	at java.util.concurrent.FutureTask.run(FutureTask.java:266)
	at java.util.concurrent.ThreadPoolExecutor.runWorker(ThreadPoolExecutor.java:1149)
	at java.util.concurrent.ThreadPoolExecutor$Worker.run(ThreadPoolExecutor.java:624)
	at java.lang.Thread.run(Thread.java:748)
</stack-trace>
            </failure>
            <steps/>
            <attachments/>
            <labels>
                <label name="host" value="Christophers-Applitools-MacBook-Pro.local"/>
                <label name="thread" value="28399@Christophers-Applitools-MacBook-Pro.local.TestNG(13)"/>
            </labels>
        </test-case>
    </test-cases>
    <labels>
        <label name="framework" value="TestNG"/>
        <label name="language" value="JAVA"/>
    </labels>
</ns2:test-suite>
